[2025-09-01 14:11:05,991][etl.extract][INFO][Starting data extraction from NASA API: https://exoplanetarchive.ipac.caltech.edu/TAP/sync?query=select+top+100+pl_name,pl_rade,pl_bmasse,disc_year+from+pscomppars&format=csv]
[2025-09-01 14:11:11,372][etl.extract][INFO][Successfully extracted 100 rows and 4 cols]
[2025-09-01 14:11:11,374][etl.transform][INFO][Transformed column pl_rade]
[2025-09-01 14:11:11,374][etl.transform][INFO][Transformed column pl_bmasse]
[2025-09-01 14:11:11,374][etl.transform][INFO][Transformed column disc_year]
[2025-09-01 14:11:11,374][root][INFO][Transformation complete, shape: (100, 4)]
[2025-09-01 14:11:11,388][root][INFO][Saved 100 rows into SQLite table 'exo_planets']
[2025-09-01 14:37:56,723][etl.extract][INFO][Starting data extraction from NASA API: https://exoplanetarchive.ipac.caltech.edu/TAP/sync?query=select+top+100+pl_name,pl_rade,pl_bmasse,disc_year+from+pscomppars&format=csv]
[2025-09-01 14:38:02,619][etl.extract][INFO][Successfully extracted 100 rows and 4 cols]
[2025-09-01 14:38:02,620][etl.transform][INFO][Transformed column pl_rade]
[2025-09-01 14:38:02,620][etl.transform][INFO][Transformed column pl_bmasse]
[2025-09-01 14:38:02,620][etl.transform][INFO][Transformed column disc_year]
[2025-09-01 14:38:02,620][root][INFO][Transformation complete, shape: (100, 4)]
[2025-09-01 14:38:02,634][root][INFO][Saved 100 rows into SQLite table 'exo_planets']
[2025-09-01 15:00:01,471][etl.extract][INFO][Starting data extraction from NASA API: https://exoplanetarchive.ipac.caltech.edu/TAP/sync?query=select+top+100+pl_name,pl_rade,pl_bmasse,disc_year+from+pscomppars&format=csv]
[2025-09-01 15:00:03,399][etl.extract][INFO][Successfully extracted 100 rows and 4 cols]
[2025-09-01 15:00:03,401][etl.transform][INFO][Transformed column pl_rade]
[2025-09-01 15:00:03,401][etl.transform][INFO][Transformed column pl_bmasse]
[2025-09-01 15:00:03,402][etl.transform][INFO][Transformed column disc_year]
[2025-09-01 15:00:03,402][root][INFO][Transformation complete, shape: (100, 4)]
[2025-09-01 15:00:03,416][root][INFO][Saved 100 rows into SQLite table 'exo_planets']
